{"/Users/ehinderohenry/Desktop/day-103-github-action-ci/src/currency.ts": {"path":"/Users/ehinderohenry/Desktop/day-103-github-action-ci/src/currency.ts","statementMap":{"0":{"start":{"line":3,"column":0},"end":{"line":3,"column":16}},"1":{"start":{"line":13,"column":0},"end":{"line":13,"column":16}},"2":{"start":{"line":19,"column":0},"end":{"line":19,"column":16}},"3":{"start":{"line":26,"column":0},"end":{"line":26,"column":16}},"4":{"start":{"line":4,"column":4},"end":{"line":6,"column":5}},"5":{"start":{"line":5,"column":8},"end":{"line":5,"column":71}},"6":{"start":{"line":7,"column":4},"end":{"line":10,"column":9}},"7":{"start":{"line":14,"column":4},"end":{"line":14,"column":73}},"8":{"start":{"line":14,"column":19},"end":{"line":14,"column":73}},"9":{"start":{"line":15,"column":4},"end":{"line":15,"column":74}},"10":{"start":{"line":15,"column":19},"end":{"line":15,"column":74}},"11":{"start":{"line":16,"column":4},"end":{"line":16,"column":47}},"12":{"start":{"line":20,"column":4},"end":{"line":22,"column":5}},"13":{"start":{"line":21,"column":8},"end":{"line":21,"column":67}},"14":{"start":{"line":23,"column":4},"end":{"line":23,"column":68}},"15":{"start":{"line":27,"column":20},"end":{"line":27,"column":48}},"16":{"start":{"line":28,"column":20},"end":{"line":28,"column":39}},"17":{"start":{"line":29,"column":4},"end":{"line":29,"column":87}},"18":{"start":{"line":29,"column":22},"end":{"line":29,"column":87}},"19":{"start":{"line":30,"column":4},"end":{"line":30,"column":17}}},"fnMap":{"0":{"name":"formatNaira","decl":{"start":{"line":3,"column":16},"end":{"line":3,"column":27}},"loc":{"start":{"line":3,"column":42},"end":{"line":11,"column":1}}},"1":{"name":"convertUsdToNgn","decl":{"start":{"line":13,"column":16},"end":{"line":13,"column":31}},"loc":{"start":{"line":13,"column":57},"end":{"line":17,"column":1}}},"2":{"name":"applyDiscount","decl":{"start":{"line":19,"column":16},"end":{"line":19,"column":29}},"loc":{"start":{"line":19,"column":64},"end":{"line":24,"column":1}}},"3":{"name":"parseNaira","decl":{"start":{"line":26,"column":16},"end":{"line":26,"column":26}},"loc":{"start":{"line":26,"column":40},"end":{"line":31,"column":1}}}},"branchMap":{"0":{"loc":{"start":{"line":4,"column":4},"end":{"line":6,"column":5}},"type":"if","locations":[{"start":{"line":4,"column":4},"end":{"line":6,"column":5}}]},"1":{"loc":{"start":{"line":4,"column":8},"end":{"line":4,"column":51}},"type":"binary-expr","locations":[{"start":{"line":4,"column":8},"end":{"line":4,"column":34}},{"start":{"line":4,"column":38},"end":{"line":4,"column":51}}]},"2":{"loc":{"start":{"line":14,"column":4},"end":{"line":14,"column":73}},"type":"if","locations":[{"start":{"line":14,"column":4},"end":{"line":14,"column":73}}]},"3":{"loc":{"start":{"line":15,"column":4},"end":{"line":15,"column":74}},"type":"if","locations":[{"start":{"line":15,"column":4},"end":{"line":15,"column":74}}]},"4":{"loc":{"start":{"line":20,"column":4},"end":{"line":22,"column":5}},"type":"if","locations":[{"start":{"line":20,"column":4},"end":{"line":22,"column":5}}]},"5":{"loc":{"start":{"line":20,"column":8},"end":{"line":20,"column":44}},"type":"binary-expr","locations":[{"start":{"line":20,"column":8},"end":{"line":20,"column":23}},{"start":{"line":20,"column":27},"end":{"line":20,"column":44}}]},"6":{"loc":{"start":{"line":29,"column":4},"end":{"line":29,"column":87}},"type":"if","locations":[{"start":{"line":29,"column":4},"end":{"line":29,"column":87}}]}},"s":{"0":1,"1":1,"2":1,"3":1,"4":5,"5":1,"6":4,"7":6,"8":1,"9":5,"10":2,"11":3,"12":5,"13":2,"14":3,"15":4,"16":4,"17":4,"18":1,"19":3},"f":{"0":5,"1":6,"2":5,"3":4},"b":{"0":[1],"1":[5,5],"2":[1],"3":[2],"4":[2],"5":[5,4],"6":[1]}}
,"/Users/ehinderohenry/Desktop/day-103-github-action-ci/src/index.ts": {"path":"/Users/ehinderohenry/Desktop/day-103-github-action-ci/src/index.ts","statementMap":{"0":{"start":{"line":1,"column":0},"end":{"line":1,"column":27}},"1":{"start":{"line":2,"column":0},"end":{"line":2,"column":29}},"2":{"start":{"line":3,"column":0},"end":{"line":3,"column":29}}},"fnMap":{},"branchMap":{},"s":{"0":0,"1":0,"2":0},"f":{},"b":{}}
,"/Users/ehinderohenry/Desktop/day-103-github-action-ci/src/transforms.ts": {"path":"/Users/ehinderohenry/Desktop/day-103-github-action-ci/src/transforms.ts","statementMap":{"0":{"start":{"line":1,"column":0},"end":{"line":1,"column":16}},"1":{"start":{"line":13,"column":0},"end":{"line":13,"column":16}},"2":{"start":{"line":17,"column":0},"end":{"line":17,"column":16}},"3":{"start":{"line":21,"column":0},"end":{"line":21,"column":16}},"4":{"start":{"line":39,"column":0},"end":{"line":39,"column":16}},"5":{"start":{"line":5,"column":4},"end":{"line":10,"column":34}},"6":{"start":{"line":6,"column":22},"end":{"line":6,"column":39}},"7":{"start":{"line":7,"column":8},"end":{"line":7,"column":41}},"8":{"start":{"line":7,"column":25},"end":{"line":7,"column":41}},"9":{"start":{"line":8,"column":8},"end":{"line":8,"column":30}},"10":{"start":{"line":9,"column":8},"end":{"line":9,"column":19}},"11":{"start":{"line":14,"column":4},"end":{"line":14,"column":67}},"12":{"start":{"line":14,"column":39},"end":{"line":14,"column":62}},"13":{"start":{"line":18,"column":4},"end":{"line":18,"column":70}},"14":{"start":{"line":18,"column":37},"end":{"line":18,"column":68}},"15":{"start":{"line":28,"column":4},"end":{"line":28,"column":66}},"16":{"start":{"line":28,"column":24},"end":{"line":28,"column":66}},"17":{"start":{"line":29,"column":4},"end":{"line":29,"column":70}},"18":{"start":{"line":29,"column":24},"end":{"line":29,"column":70}},"19":{"start":{"line":31,"column":23},"end":{"line":31,"column":35}},"20":{"start":{"line":32,"column":23},"end":{"line":32,"column":50}},"21":{"start":{"line":33,"column":23},"end":{"line":33,"column":44}},"22":{"start":{"line":34,"column":23},"end":{"line":34,"column":59}},"23":{"start":{"line":36,"column":4},"end":{"line":36,"column":55}},"24":{"start":{"line":40,"column":4},"end":{"line":40,"column":66}},"25":{"start":{"line":40,"column":18},"end":{"line":40,"column":66}},"26":{"start":{"line":41,"column":26},"end":{"line":41,"column":28}},"27":{"start":{"line":42,"column":4},"end":{"line":44,"column":5}},"28":{"start":{"line":42,"column":17},"end":{"line":42,"column":18}},"29":{"start":{"line":43,"column":8},"end":{"line":43,"column":44}},"30":{"start":{"line":45,"column":4},"end":{"line":45,"column":18}}},"fnMap":{"0":{"name":"groupBy","decl":{"start":{"line":1,"column":16},"end":{"line":1,"column":23}},"loc":{"start":{"line":3,"column":16},"end":{"line":11,"column":1}}},"1":{"name":"(anonymous_1)","decl":{"start":{"line":5,"column":24},"end":{"line":5,"column":25}},"loc":{"start":{"line":5,"column":38},"end":{"line":10,"column":5}}},"2":{"name":"sumBy","decl":{"start":{"line":13,"column":16},"end":{"line":13,"column":21}},"loc":{"start":{"line":13,"column":49},"end":{"line":15,"column":1}}},"3":{"name":"(anonymous_3)","decl":{"start":{"line":14,"column":24},"end":{"line":14,"column":25}},"loc":{"start":{"line":14,"column":39},"end":{"line":14,"column":62}}},"4":{"name":"sortByDesc","decl":{"start":{"line":17,"column":16},"end":{"line":17,"column":26}},"loc":{"start":{"line":17,"column":54},"end":{"line":19,"column":1}}},"5":{"name":"(anonymous_5)","decl":{"start":{"line":18,"column":27},"end":{"line":18,"column":28}},"loc":{"start":{"line":18,"column":37},"end":{"line":18,"column":68}}},"6":{"name":"paginate","decl":{"start":{"line":21,"column":16},"end":{"line":21,"column":24}},"loc":{"start":{"line":21,"column":70},"end":{"line":37,"column":1}}},"7":{"name":"chunkArray","decl":{"start":{"line":39,"column":16},"end":{"line":39,"column":26}},"loc":{"start":{"line":39,"column":52},"end":{"line":46,"column":1}}}},"branchMap":{"0":{"loc":{"start":{"line":7,"column":8},"end":{"line":7,"column":41}},"type":"if","locations":[{"start":{"line":7,"column":8},"end":{"line":7,"column":41}}]},"1":{"loc":{"start":{"line":28,"column":4},"end":{"line":28,"column":66}},"type":"if","locations":[{"start":{"line":28,"column":4},"end":{"line":28,"column":66}}]},"2":{"loc":{"start":{"line":29,"column":4},"end":{"line":29,"column":70}},"type":"if","locations":[{"start":{"line":29,"column":4},"end":{"line":29,"column":70}}]},"3":{"loc":{"start":{"line":40,"column":4},"end":{"line":40,"column":66}},"type":"if","locations":[{"start":{"line":40,"column":4},"end":{"line":40,"column":66}}]}},"s":{"0":1,"1":1,"2":1,"3":1,"4":1,"5":2,"6":5,"7":5,"8":3,"9":5,"10":5,"11":2,"12":5,"13":2,"14":12,"15":5,"16":1,"17":4,"18":1,"19":3,"20":3,"21":3,"22":3,"23":3,"24":4,"25":1,"26":3,"27":3,"28":3,"29":6,"30":3},"f":{"0":2,"1":5,"2":2,"3":5,"4":2,"5":12,"6":5,"7":4},"b":{"0":[3],"1":[1],"2":[1],"3":[1]}}
,"/Users/ehinderohenry/Desktop/day-103-github-action-ci/src/validation.ts": {"path":"/Users/ehinderohenry/Desktop/day-103-github-action-ci/src/validation.ts","statementMap":{"0":{"start":{"line":14,"column":0},"end":{"line":14,"column":16}},"1":{"start":{"line":18,"column":0},"end":{"line":18,"column":16}},"2":{"start":{"line":22,"column":0},"end":{"line":22,"column":16}},"3":{"start":{"line":26,"column":0},"end":{"line":26,"column":16}},"4":{"start":{"line":1,"column":0},"end":{"line":1,"column":24}},"5":{"start":{"line":3,"column":13},"end":{"line":10,"column":3}},"6":{"start":{"line":15,"column":4},"end":{"line":15,"column":35}},"7":{"start":{"line":19,"column":4},"end":{"line":19,"column":52}},"8":{"start":{"line":23,"column":4},"end":{"line":23,"column":74}},"9":{"start":{"line":27,"column":4},"end":{"line":27,"column":48}}},"fnMap":{"0":{"name":"validateOrder","decl":{"start":{"line":14,"column":16},"end":{"line":14,"column":29}},"loc":{"start":{"line":14,"column":43},"end":{"line":16,"column":1}}},"1":{"name":"isValidEmail","decl":{"start":{"line":18,"column":16},"end":{"line":18,"column":28}},"loc":{"start":{"line":18,"column":42},"end":{"line":20,"column":1}}},"2":{"name":"isValidNigerianPhone","decl":{"start":{"line":22,"column":16},"end":{"line":22,"column":36}},"loc":{"start":{"line":22,"column":50},"end":{"line":24,"column":1}}},"3":{"name":"sanitizeInput","decl":{"start":{"line":26,"column":16},"end":{"line":26,"column":29}},"loc":{"start":{"line":26,"column":43},"end":{"line":28,"column":1}}}},"branchMap":{},"s":{"0":1,"1":1,"2":1,"3":1,"4":1,"5":1,"6":6,"7":5,"8":5,"9":4},"f":{"0":6,"1":5,"2":5,"3":4},"b":{}}
}
