TN:
SF:src/currency.ts
FN:3,formatNaira
FN:13,convertUsdToNgn
FN:19,applyDiscount
FN:26,parseNaira
FNF:4
FNH:4
FNDA:5,formatNaira
FNDA:6,convertUsdToNgn
FNDA:5,applyDiscount
FNDA:4,parseNaira
DA:3,1
DA:4,5
DA:5,1
DA:7,4
DA:13,1
DA:14,6
DA:15,5
DA:16,3
DA:19,1
DA:20,5
DA:21,2
DA:23,3
DA:26,1
DA:27,4
DA:28,4
DA:29,4
DA:30,3
LF:17
LH:17
BRDA:4,0,0,1
BRDA:4,1,0,5
BRDA:4,1,1,5
BRDA:14,2,0,1
BRDA:15,3,0,2
BRDA:20,4,0,2
BRDA:20,5,0,5
BRDA:20,5,1,4
BRDA:29,6,0,1
BRF:9
BRH:9
end_of_record
TN:
SF:src/index.ts
FNF:0
FNH:0
DA:1,0
DA:2,0
DA:3,0
LF:3
LH:0
BRF:0
BRH:0
end_of_record
TN:
SF:src/transforms.ts
FN:1,groupBy
FN:5,(anonymous_1)
FN:13,sumBy
FN:14,(anonymous_3)
FN:17,sortByDesc
FN:18,(anonymous_5)
FN:21,paginate
FN:39,chunkArray
FNF:8
FNH:8
FNDA:2,groupBy
FNDA:5,(anonymous_1)
FNDA:2,sumBy
FNDA:5,(anonymous_3)
FNDA:2,sortByDesc
FNDA:12,(anonymous_5)
FNDA:5,paginate
FNDA:4,chunkArray
DA:1,1
DA:5,2
DA:6,5
DA:7,5
DA:8,5
DA:9,5
DA:13,1
DA:14,5
DA:17,1
DA:18,12
DA:21,1
DA:28,5
DA:29,4
DA:31,3
DA:32,3
DA:33,3
DA:34,3
DA:36,3
DA:39,1
DA:40,4
DA:41,3
DA:42,3
DA:43,6
DA:45,3
LF:24
LH:24
BRDA:7,0,0,3
BRDA:28,1,0,1
BRDA:29,2,0,1
BRDA:40,3,0,1
BRF:4
BRH:4
end_of_record
TN:
SF:src/validation.ts
FN:14,validateOrder
FN:18,isValidEmail
FN:22,isValidNigerianPhone
FN:26,sanitizeInput
FNF:4
FNH:4
FNDA:6,validateOrder
FNDA:5,isValidEmail
FNDA:5,isValidNigerianPhone
FNDA:4,sanitizeInput
DA:1,1
DA:3,1
DA:14,1
DA:15,6
DA:18,1
DA:19,5
DA:22,1
DA:23,5
DA:26,1
DA:27,4
LF:10
LH:10
BRF:0
BRH:0
end_of_record
